<?xml version="1.0" encoding="UTF-8"?>
<!-- Generated by org.testng.reporters.JUnitReportReporter -->
<testsuite skipped="0" hostname="dv-weshao-1" name="com.source.code.autotest.suite.PayTest" tests="1" failures="0" timestamp="21 Sep 2019 14:31:08 GMT" time="0.016" errors="0">
  <testcase name="payTest" time="0.016" classname="com.source.code.autotest.suite.PayTest"/>
</testsuite> <!-- com.source.code.autotest.suite.PayTest -->
