<?xml version="1.0" encoding="UTF-8"?>
<!-- Generated by org.testng.reporters.JUnitReportReporter -->
<testsuite skipped="0" hostname="dv-weshao-1" name="com.source.code.groups.GroupsOnClass1" tests="4" failures="0" timestamp="22 Sep 2019 07:19:53 GMT" time="0.032" errors="0">
  <testcase name="stu1" time="0.000" classname="com.source.code.groups.GroupsOnClass1"/>
  <testcase name="stu2" time="0.000" classname="com.source.code.groups.GroupsOnClass1"/>
  <testcase name="stu1" time="0.016" classname="com.source.code.groups.GroupsOnClass1"/>
  <testcase name="stu2" time="0.016" classname="com.source.code.groups.GroupsOnClass1"/>
</testsuite> <!-- com.source.code.groups.GroupsOnClass1 -->
