<?xml version="1.0" encoding="UTF-8"?>
<!-- Generated by org.testng.reporters.JUnitReportReporter -->
<testsuite skipped="1" hostname="dv-weshao-1" name="com.source.code.autotest.BasicAnnotation" tests="2" failures="0" timestamp="22 Sep 2019 03:01:11 GMT" time="0.000" errors="0">
  <testcase name="testcase2" time="0.000" classname="com.source.code.autotest.BasicAnnotation"/>
  <testcase name="testcase1" classname="com.source.code.autotest.BasicAnnotation">
    <skipped/>
  </testcase> <!-- testcase1 -->
</testsuite> <!-- com.source.code.autotest.BasicAnnotation -->
