<?xml version="1.0" encoding="UTF-8"?>
<!-- Generated by org.testng.reporters.JUnitReportReporter -->
<testsuite skipped="0" hostname="dv-weshao-1" name="com.source.code.groups.GroupsOnClass3" tests="2" failures="0" timestamp="22 Sep 2019 07:19:53 GMT" time="0.015" errors="0">
  <testcase name="teacher1" time="0.000" classname="com.source.code.groups.GroupsOnClass3"/>
  <testcase name="teacher2" time="0.015" classname="com.source.code.groups.GroupsOnClass3"/>
</testsuite> <!-- com.source.code.groups.GroupsOnClass3 -->
