<?xml version="1.0" encoding="UTF-8"?>
<!-- Generated by org.testng.reporters.JUnitReportReporter -->
<testsuite skipped="0" hostname="dv-weshao-1" name="com.source.code.parameter.DataProviderTest" tests="2" failures="0" timestamp="22 Sep 2019 12:06:24 GMT" time="0.016" errors="0">
  <testcase name="test2" time="0.016" classname="com.source.code.parameter.DataProviderTest"/>
  <testcase name="test2" time="0.000" classname="com.source.code.parameter.DataProviderTest"/>
</testsuite> <!-- com.source.code.parameter.DataProviderTest -->
