<?xml version="1.0" encoding="UTF-8"?>
<!-- Generated by org.testng.reporters.JUnitReportReporter -->
<testsuite skipped="0" hostname="dv-weshao-1" name="com.source.code.multithread.MultiThreadOnAnnotation" tests="10" failures="0" timestamp="23 Sep 2019 12:42:23 GMT" time="0.089" errors="0">
  <testcase name="test" time="0.004" classname="com.source.code.multithread.MultiThreadOnAnnotation"/>
  <testcase name="test" time="0.008" classname="com.source.code.multithread.MultiThreadOnAnnotation"/>
  <testcase name="test" time="0.002" classname="com.source.code.multithread.MultiThreadOnAnnotation"/>
  <testcase name="test" time="0.019" classname="com.source.code.multithread.MultiThreadOnAnnotation"/>
  <testcase name="test" time="0.011" classname="com.source.code.multithread.MultiThreadOnAnnotation"/>
  <testcase name="test" time="0.018" classname="com.source.code.multithread.MultiThreadOnAnnotation"/>
  <testcase name="test" time="0.002" classname="com.source.code.multithread.MultiThreadOnAnnotation"/>
  <testcase name="test" time="0.019" classname="com.source.code.multithread.MultiThreadOnAnnotation"/>
  <testcase name="test" time="0.003" classname="com.source.code.multithread.MultiThreadOnAnnotation"/>
  <testcase name="test" time="0.003" classname="com.source.code.multithread.MultiThreadOnAnnotation"/>
</testsuite> <!-- com.source.code.multithread.MultiThreadOnAnnotation -->
