<?xml version="1.0" encoding="UTF-8"?>
<!-- Generated by org.testng.reporters.JUnitReportReporter -->
<testsuite skipped="0" hostname="dv-weshao-1" name="com.source.code.autotest.ExpectedException" tests="1" failures="0" timestamp="22 Sep 2019 07:53:45 GMT" time="0.016" errors="0">
  <testcase name="ExpectedException" time="0.016" classname="com.source.code.autotest.ExpectedException"/>
</testsuite> <!-- com.source.code.autotest.ExpectedException -->
