<?xml version="1.0" encoding="UTF-8"?>
<!-- Generated by org.testng.reporters.JUnitReportReporter -->
<testsuite skipped="0" hostname="dv-weshao-1" name="com.source.code.autotest.DependTest" tests="2" failures="0" timestamp="22 Sep 2019 08:01:05 GMT" time="0.016" errors="0">
  <testcase name="test2" time="0.000" classname="com.source.code.autotest.DependTest"/>
  <testcase name="test1" time="0.016" classname="com.source.code.autotest.DependTest"/>
</testsuite> <!-- com.source.code.autotest.DependTest -->
