<?xml version="1.0" encoding="UTF-8"?>
<!-- Generated by org.testng.reporters.JUnitReportReporter -->
<testsuite skipped="0" hostname="dv-weshao-1" name="com.source.code.autotest.BasicAnnotation" tests="2" failures="0" timestamp="21 Sep 2019 14:29:04 GMT" time="0.003" errors="0">
  <testcase name="testcase2" time="0.000" classname="com.source.code.autotest.BasicAnnotation"/>
  <testcase name="testcase1" time="0.003" classname="com.source.code.autotest.BasicAnnotation"/>
</testsuite> <!-- com.source.code.autotest.BasicAnnotation -->
