<?xml version="1.0" encoding="UTF-8"?>
<!-- Generated by org.testng.reporters.JUnitReportReporter -->
<testsuite skipped="0" hostname="dv-weshao-1" name="com.source.code.multithread.MultiThreadOnXml" tests="3" failures="0" timestamp="23 Sep 2019 13:07:09 GMT" time="0.032" errors="0">
  <testcase name="test2" time="0.016" classname="com.source.code.multithread.MultiThreadOnXml"/>
  <testcase name="test1" time="0.016" classname="com.source.code.multithread.MultiThreadOnXml"/>
  <testcase name="test3" time="0.000" classname="com.source.code.multithread.MultiThreadOnXml"/>
</testsuite> <!-- com.source.code.multithread.MultiThreadOnXml -->
