<?xml version="1.0" encoding="UTF-8"?>
<!-- Generated by org.testng.reporters.JUnitReportReporter -->
<testsuite skipped="0" hostname="dv-weshao-1" name="com.source.code.parameter.ParameterTest" tests="1" failures="0" timestamp="23 Sep 2019 12:57:36 GMT" time="0.015" errors="0">
  <testcase name="paramTest" time="0.015" classname="com.source.code.parameter.ParameterTest"/>
</testsuite> <!-- com.source.code.parameter.ParameterTest -->
