<?xml version="1.0" encoding="UTF-8"?>
<!-- Generated by org.testng.reporters.JUnitReportReporter -->
<testsuite skipped="0" hostname="dv-weshao-1" name="com.source.code.autotest.BasicAnnotation2" tests="1" failures="0" timestamp="21 Sep 2019 13:33:47 GMT" time="0.000" errors="0">
  <testcase name="testCase3" time="0.000" classname="com.source.code.autotest.BasicAnnotation2"/>
</testsuite> <!-- com.source.code.autotest.BasicAnnotation2 -->
